<?xml version="1.0" encoding="UTF-8"?>
<testsuite name="com.example.postory.UserModelConverterTest" tests="1" skipped="0" failures="0" errors="0" timestamp="2022-01-04T07:27:48" hostname="LAPTOP-AEPI9G7N" time="0.066">
  <properties/>
  <testcase name="convertModelToGeneralModel" classname="com.example.postory.UserModelConverterTest" time="0.066"/>
  <system-out><![CDATA[]]></system-out>
  <system-err><![CDATA[]]></system-err>
</testsuite>
